dbparam<><><><><><><>>{PAGE_NO=1, PAGE_SIZE=10, searchType=1, searchValue=궐동}
dbparam<><><><><><><>>{PAGE_NO=1, PAGE_SIZE=10, searchType=1, searchValue=매홀로}
dbparam<><><><><><><>>{PAGE_NO=1, PAGE_SIZE=10, searchType=1, searchValue=매홀로}
dbparam<><><><><><><>>{PAGE_NO=2, PAGE_SIZE=10, searchType=1, searchValue=매홀로}
dbparam<><><><><><><>>{PAGE_NO=1, PAGE_SIZE=10, searchType=1, searchValue=매홀로}
dbparam<><><><><><><>>{PAGE_NO=2, PAGE_SIZE=10, searchType=1, searchValue=매홀로}
dbparam<><><><><><><>>{PAGE_NO=1, PAGE_SIZE=10, searchType=3, searchValue=궐동}
dbparam<><><><><><><>>{PAGE_NO=1, PAGE_SIZE=10, searchType=1, searchValue=성남대로}
dbparam<><><><><><><>>{PAGE_NO=2, PAGE_SIZE=10, searchType=3, searchValue=궐동}
dbparam<><><><><><><>>{PAGE_NO=1, PAGE_SIZE=10, searchType=1, searchValue=성남대로}
dbparam<><><><><><><>>{PAGE_NO=3, PAGE_SIZE=10, searchType=3, searchValue=궐동}
dbparam<><><><><><><>>{PAGE_NO=9, PAGE_SIZE=10, searchType=3, searchValue=궐동}
dbparam<><><><><><><>>{PAGE_NO=1, PAGE_SIZE=10, searchType=1, searchValue=성남대로}
dbparam<><><><><><><>>{PAGE_NO=1, PAGE_SIZE=10, searchType=2, searchValue=대우아파트}
dbparam<><><><><><><>>{PAGE_NO=2, PAGE_SIZE=10, searchType=1, searchValue=성남대로}
dbparam<><><><><><><>>{PAGE_NO=9, PAGE_SIZE=10, searchType=2, searchValue=대우아파트}
dbparam<><><><><><><>>{PAGE_NO=3, PAGE_SIZE=10, searchType=2, searchValue=대우아파트}
dbparam<><><><><><><>>{PAGE_NO=4, PAGE_SIZE=10, searchType=2, searchValue=대우아파트}
dbparam<><><><><><><>>{PAGE_NO=1, PAGE_SIZE=10, searchType=1, searchValue=성남대로}
dbparam<><><><><><><>>{PAGE_NO=1, PAGE_SIZE=10, searchType=1, searchValue=매홀로}
dbparam<><><><><><><>>{PAGE_NO=3, PAGE_SIZE=10, searchType=1, searchValue=매홀로}
dbparam<><><><><><><>>{PAGE_NO=2, PAGE_SIZE=10, searchType=1, searchValue=매홀로}
dbparam<><><><><><><>>{PAGE_NO=1, PAGE_SIZE=10, searchType=1, searchValue=성남대로}
dbparam<><><><><><><>>{PAGE_NO=1, PAGE_SIZE=10, searchType=1, searchValue=성남대로}
dbparam<><><><><><><>>{PAGE_NO=1, PAGE_SIZE=10, searchType=2, searchValue=삼호아파트}
dbparam<><><><><><><>>{PAGE_NO=1, PAGE_SIZE=10, searchType=1, searchValue=수정구}
dbparam<><><><><><><>>{PAGE_NO=3, PAGE_SIZE=10, searchType=2, searchValue=삼호아파트}
dbparam<><><><><><><>>{PAGE_NO=1, PAGE_SIZE=10, searchType=1, searchValue=수정구}
dbparam<><><><><><><>>{PAGE_NO=1, PAGE_SIZE=10, searchType=3, searchValue=태평1동}
dbparam<><><><><><><>>{PAGE_NO=1, PAGE_SIZE=10, searchType=2, searchValue=삼홍파타ㅡ}
dbparam<><><><><><><>>{PAGE_NO=1, PAGE_SIZE=10, searchType=2, searchValue=삼호아파트}
dbparam<><><><><><><>>{PAGE_NO=3, PAGE_SIZE=10, searchType=2, searchValue=삼호아파트}
dbparam<><><><><><><>>{PAGE_NO=1, PAGE_SIZE=10, searchType=1, searchValue=성남대로1318}
aplcPaymentStu{bankNum=110293500003, phone=--, stuPart=경영학부, memo=, busu=1, bankMoney=7500, bankName=이지원, bdMngNo=4113110200151160000045144, saup=910409, bankInfo=0260000, stuClass=3, stuProf=, aplcDt=20150306, zip1=461, addr1=태평동 5116, email=2ju045@gmail.com, zip2=854, addr2=203호, addr3=경기도 성남시 수정구 성남대로1318번길 2, stuSch=서울시립대학교, userName=이주영, handy=010-9278-4695, fileNm=201503060007350694.jpg, stuCaller=2013270171}
dbparam<><><><><><><>>{PAGE_NO=1, PAGE_SIZE=10, searchType=1, searchValue=매홀로}
dbparam<><><><><><><>>{PAGE_NO=2, PAGE_SIZE=10, searchType=1, searchValue=매홀로}
aplcPaymentStu{bankNum=94234551962, phone=--, stuPart=국제통상학과, memo=, busu=1, bankMoney=7500, bankName=임창용, bdMngNo=4137010400105970000002060, saup=921225, bankInfo=0040000, stuClass=3, stuProf=, aplcDt=20150306, zip1=447, addr1=궐동 585, email=ol5519@naver.com, zip2=140, addr2=오산대우아파트 107동 1106호, addr3=경기도 오산시 매홀로 42, stuSch=가천대학교(글로벌), userName=임창용, handy=010-4234-5519, fileNm=201503060014580683.jpg, stuCaller=201335464}
dbparam<><><><><><><>>{PAGE_NO=1, PAGE_SIZE=10, searchType=3, searchValue=신안동}
dbparam<><><><><><><>>{PAGE_NO=10, PAGE_SIZE=10, searchType=3, searchValue=신안동}
dbparam<><><><><><><>>{PAGE_NO=11, PAGE_SIZE=10, searchType=3, searchValue=신안동}
dbparam<><><><><><><>>{PAGE_NO=21, PAGE_SIZE=10, searchType=3, searchValue=신안동}
dbparam<><><><><><><>>{PAGE_NO=31, PAGE_SIZE=10, searchType=3, searchValue=신안동}
dbparam<><><><><><><>>{PAGE_NO=41, PAGE_SIZE=10, searchType=3, searchValue=신안동}
dbparam<><><><><><><>>{PAGE_NO=51, PAGE_SIZE=10, searchType=3, searchValue=신안동}
dbparam<><><><><><><>>{PAGE_NO=61, PAGE_SIZE=10, searchType=3, searchValue=신안동}
dbparam<><><><><><><>>{PAGE_NO=71, PAGE_SIZE=10, searchType=3, searchValue=신안동}
dbparam<><><><><><><>>{PAGE_NO=70, PAGE_SIZE=10, searchType=3, searchValue=신안동}
dbparam<><><><><><><>>{PAGE_NO=62, PAGE_SIZE=10, searchType=3, searchValue=신안동}
dbparam<><><><><><><>>{PAGE_NO=63, PAGE_SIZE=10, searchType=3, searchValue=신안동}
dbparam<><><><><><><>>{PAGE_NO=64, PAGE_SIZE=10, searchType=3, searchValue=신안동}
dbparam<><><><><><><>>{PAGE_NO=65, PAGE_SIZE=10, searchType=3, searchValue=신안동}
dbparam<><><><><><><>>{PAGE_NO=66, PAGE_SIZE=10, searchType=3, searchValue=신안동}
dbparam<><><><><><><>>{PAGE_NO=67, PAGE_SIZE=10, searchType=3, searchValue=신안동}
dbparam<><><><><><><>>{PAGE_NO=1, PAGE_SIZE=10, searchType=3, lotNo1=211, searchValue=신안동}
dbparam<><><><><><><>>{PAGE_NO=2, PAGE_SIZE=10, searchType=3, lotNo1=211, searchValue=신안동}
dbparam<><><><><><><>>{PAGE_NO=1, PAGE_SIZE=10, searchType=2, searchValue=르메이에르}
dbparam<><><><><><><>>{PAGE_NO=1, PAGE_SIZE=10, searchType=3, searchValue=부개2동}
dbparam<><><><><><><>>{PAGE_NO=1, PAGE_SIZE=10, searchType=1, searchValue=부일로69}
dbparam<><><><><><><>>{PAGE_NO=1, PAGE_SIZE=10, searchType=2, searchValue=푸르지오}
dbparam<><><><><><><>>{PAGE_NO=2, PAGE_SIZE=10, searchType=2, searchValue=푸르지오}
dbparam<><><><><><><>>{PAGE_NO=3, PAGE_SIZE=10, searchType=2, searchValue=푸르지오}
dbparam<><><><><><><>>{PAGE_NO=4, PAGE_SIZE=10, searchType=2, searchValue=푸르지오}
dbparam<><><><><><><>>{PAGE_NO=5, PAGE_SIZE=10, searchType=2, searchValue=푸르지오}
dbparam<><><><><><><>>{PAGE_NO=6, PAGE_SIZE=10, searchType=2, searchValue=푸르지오}
dbparam<><><><><><><>>{PAGE_NO=7, PAGE_SIZE=10, searchType=2, searchValue=푸르지오}
dbparam<><><><><><><>>{PAGE_NO=1, PAGE_SIZE=10, searchType=2, searchValue=푸르지오}
dbparam<><><><><><><>>{addInfo=부개, PAGE_NO=1, PAGE_SIZE=10, searchType=2, searchValue=푸리종}
dbparam<><><><><><><>>{addInfo=부개, PAGE_NO=1, PAGE_SIZE=10, searchType=2, searchValue=푸르지오}
dbparam<><><><><><><>>{PAGE_NO=1, PAGE_SIZE=10, searchType=2, searchValue=부개도서관}
aplcPaymentStu{bankNum=49881022204107, phone=--, stuPart=영미어문, memo=, busu=1, bankMoney=7500, bankName=신은석, bdMngNo=1162010300110610018023874, saup=630420, bankInfo=0810000, stuClass=4, stuProf=이인실, aplcDt=20150306, zip1=151, addr1=남현동 1061-18, email=delicatemiki@naver.com, zip2=800, addr2=르메이에르강남타운2 1420호, addr3=서울특별시 관악구 과천대로 939, stuSch=서강대학교, userName=이민겸, handy=010-5058-5697, fileNm=201503060023570083.jpg, stuCaller=20120241}
dbparam<><><><><><><>>{PAGE_NO=1, PAGE_SIZE=10, searchType=1, searchValue=부일로69}
dbparam<><><><><><><>>{PAGE_NO=2, PAGE_SIZE=10, searchType=1, searchValue=부일로69}
dbparam<><><><><><><>>{PAGE_NO=3, PAGE_SIZE=10, searchType=1, searchValue=부일로69}
dbparam<><><><><><><>>{PAGE_NO=1, PAGE_SIZE=10, searchType=3, lotNo1=120, lotNo2=342, searchValue=부개동}
dbparam<><><><><><><>>{PAGE_NO=1, PAGE_SIZE=10, searchType=3, searchValue=부개동120-342}
dbparam<><><><><><><>>{PAGE_NO=1, PAGE_SIZE=10, searchType=3, searchValue=부개동}
dbparam<><><><><><><>>{PAGE_NO=2, PAGE_SIZE=10, searchType=3, searchValue=부개동}
dbparam<><><><><><><>>{PAGE_NO=3, PAGE_SIZE=10, searchType=3, searchValue=부개동}
dbparam<><><><><><><>>{PAGE_NO=4, PAGE_SIZE=10, searchType=3, searchValue=부개동}
dbparam<><><><><><><>>{PAGE_NO=5, PAGE_SIZE=10, searchType=3, searchValue=부개동}
dbparam<><><><><><><>>{PAGE_NO=6, PAGE_SIZE=10, searchType=3, searchValue=부개동}
dbparam<><><><><><><>>{PAGE_NO=5, PAGE_SIZE=10, searchType=3, searchValue=부개동}
key = 414e72a96ec10bc2deeedae2615aa3256811a87ad2a082c07733ad620860d6fff2537344ef28fb62148dbd6a6ed0133d
aplcPaymentStu{bankNum=6221431326301, phone=--, stuPart=경영학부, memo=, busu=1, bankMoney=7500, bankName=이경근, bdMngNo=2823710700101200340109386, saup=890329, bankInfo=0530000, stuClass=3, stuProf=유한수친구, aplcDt=20150306, zip1=403, addr1=부개동 512, email=kuuny329@gmail.com, zip2=774, addr2=인천 부개역 푸르지오 101동 2104호, addr3=인천광역시 부평구 부일로 69, stuSch=인천대학교, userName=이경근, handy=010-4016-7088, fileNm=201503060029250109.jpg, stuCaller=201303082}
dbparam<><><><><><><>>{PAGE_NO=1, PAGE_SIZE=10, searchType=3, searchValue=서석동}
key = 8434f795212bfd136b7fb213d2888a229a0f5264eab13bb9bdf11f302f9367ca6a6baaa5ab328ef89a82607e2d23fb60
key = 8434f795212bfd136b7fb213d2888a229a0f5264eab13bb9bdf11f302f9367ca6a6baaa5ab328ef89a82607e2d23fb60
aplcPaymentStu{bankNum=92012139459, phone=061-721-0089, stuPart=경영학부, memo=, busu=1, bankMoney=7500, bankName=박나윤, bdMngNo=2911011100103750000014195, saup=930528, bankInfo=0040000, stuClass=4, stuProf=, aplcDt=20150306, zip1=501, addr1=서석동 375, email=pmjin01@naver.com, zip2=759, addr2=조선대학교 글로벌하우스 여학사 416a, addr3=광주광역시 동구 필문대로 309, stuSch=조선대학교, userName=박나윤, handy=010-4182-0085, fileNm=201503060031180265.jpg, stuCaller=20121394}
chkYn = N
chkYn = N
chkYn = N
chkYn = N
key = c0a0ba19e57644ff8dc432e95f2abc44c34118a6d20ba58f7ad89fb6a81875aa22aaa227383a6fa570a489537ecb3802
key = 0581903bcace632bdf495167e92e3b3006dfc90140469b11192ca1e82e22409952fdd2ee73d2c5a8efb0009784bac01f
key = 0581903bcace632bdf495167e92e3b3006dfc90140469b11192ca1e82e22409952fdd2ee73d2c5a8efb0009784bac01f
key = 5fca950633df2bb5533f0eedf4ddcc8facb5fb66e4e917facf7cbb37d94ebbde6549745593add396a77787fef1471a6e
key = 0ef26a9658907d768b95263039972399a386b9db58f6ab39a697fe6752f3492eb061d58879e641f9c5b8b8b04b9ec4d4
key = 4e19cfef0a06dfc91f63b723b0175553e8ce43bb5c11974068c106eae3168eb45ac4b83322bf5dc4af19b19a408d22ee
dbparam<><><><><><><>>{PAGE_NO=1, PAGE_SIZE=10, searchType=3, searchValue=심곡본1동}
dbparam<><><><><><><>>{PAGE_NO=1, PAGE_SIZE=10, searchType=3, searchValue=심곡본}
dbparam<><><><><><><>>{PAGE_NO=2, PAGE_SIZE=10, searchType=3, searchValue=심곡본}
dbparam<><><><><><><>>{PAGE_NO=4, PAGE_SIZE=10, searchType=3, searchValue=심곡본}
dbparam<><><><><><><>>{PAGE_NO=9, PAGE_SIZE=10, searchType=3, searchValue=심곡본}
dbparam<><><><><><><>>{PAGE_NO=11, PAGE_SIZE=10, searchType=3, searchValue=심곡본}
dbparam<><><><><><><>>{PAGE_NO=20, PAGE_SIZE=10, searchType=3, searchValue=심곡본}
dbparam<><><><><><><>>{PAGE_NO=21, PAGE_SIZE=10, searchType=3, searchValue=심곡본}
dbparam<><><><><><><>>{PAGE_NO=31, PAGE_SIZE=10, searchType=3, searchValue=심곡본}
dbparam<><><><><><><>>{PAGE_NO=41, PAGE_SIZE=10, searchType=3, searchValue=심곡본}
dbparam<><><><><><><>>{PAGE_NO=51, PAGE_SIZE=10, searchType=3, searchValue=심곡본}
dbparam<><><><><><><>>{PAGE_NO=61, PAGE_SIZE=10, searchType=3, searchValue=심곡본}
dbparam<><><><><><><>>{PAGE_NO=71, PAGE_SIZE=10, searchType=3, searchValue=심곡본}
dbparam<><><><><><><>>{PAGE_NO=81, PAGE_SIZE=10, searchType=3, searchValue=심곡본}
dbparam<><><><><><><>>{PAGE_NO=91, PAGE_SIZE=10, searchType=3, searchValue=심곡본}
dbparam<><><><><><><>>{PAGE_NO=101, PAGE_SIZE=10, searchType=3, searchValue=심곡본}
dbparam<><><><><><><>>{PAGE_NO=111, PAGE_SIZE=10, searchType=3, searchValue=심곡본}
dbparam<><><><><><><>>{PAGE_NO=121, PAGE_SIZE=10, searchType=3, searchValue=심곡본}
dbparam<><><><><><><>>{PAGE_NO=131, PAGE_SIZE=10, searchType=3, searchValue=심곡본}
dbparam<><><><><><><>>{PAGE_NO=141, PAGE_SIZE=10, searchType=3, searchValue=심곡본}
dbparam<><><><><><><>>{PAGE_NO=151, PAGE_SIZE=10, searchType=3, searchValue=심곡본}
dbparam<><><><><><><>>{PAGE_NO=150, PAGE_SIZE=10, searchType=3, searchValue=심곡본}
dbparam<><><><><><><>>{PAGE_NO=140, PAGE_SIZE=10, searchType=3, searchValue=심곡본}
key = e3c642c3bf27086f9a8603076be3ed3e88be100054fee82ae12f603fc1ccc0ec564c76010af07a1e921d60e1b5598f5b
key = 482fcc0982089f3c0f0522f8f2e4af5e2d04e0b9fb57d1e9b9ebacdaac43dd2564a46aa3ac0e93bb9db61817ee0fe066
key = 67e723702430987a8a01e5b9385059fe21b213c9b69aad15fe1f038be6ace4eda1805c04bacaa318c7a83a5b0c8da591
key = 8adf1b6f24787460a9ac3624efec7c1b836afad1dede789719ed90b34217be707efc315aadaa52d3cfafdab893b106b9
key = 8adf1b6f24787460a9ac3624efec7c1b836afad1dede789719ed90b34217be707efc315aadaa52d3cfafdab893b106b9
chkYn = Y
key = 4b3f74e072f2fd447febedc4c0f0506d606d4dc4e36628495395004371b78028fedbb65041f0f51b96b5be956671e5d0
key = b98573e3def0439b426274104697c1f2b1374cc52c20d8ea5b92df5249aabd0d7c5843c26a92f161bc5c6676c6bd84a7
key = 0a1da4933a162abb294f35f50832e23c3beef1ff6f09a9e6a43b9cb084098ffa8b5f68a28aaf9b41bcf87b82a87b2b69
key = ce351d4d92453acf564ebe9e3f8ee3d2a7840a1b2bb58d5a180a338c9546f686d995d5289f97d1b0043530eb992f45e3
dbparam<><><><><><><>>{PAGE_NO=1, PAGE_SIZE=10, searchType=3, searchValue=장항동}
dbparam<><><><><><><>>{PAGE_NO=1, PAGE_SIZE=10, searchType=3, lotNo1=863, searchValue=장항동}
key = 47616718f25799df1349e5caf0298116efab6302e2dd3de6cc640422c2fd80f3548d974791bc8989306f75c36a054b49
key = 2040e0e12c56575125545e44b444804b0c2e49aa996fe0f9e17ee34250a7322ba16e3a8e9aa1e16affe8c8e28a508870
key = 2040e0e12c56575125545e44b444804b0c2e49aa996fe0f9e17ee34250a7322ba16e3a8e9aa1e16affe8c8e28a508870
key = 76742245aa9d4d1d805f5033daa45118e13433a70b8cb19ed303a4d826dc2eeceac14c4015b2a5135f359d57289f7849
key = c5979c6f266383648c6a6aa22b94a2f35234158873e70eb57ea2b9b1842aa858b89ec81bfe7fd175066671101385d861
key = fc762c543b7ae70b1906956184916b55c3203d5890df38200930a930d2a7606a9e9e342331e533e1c17b1f32b24f5893
key = f5f88045f20756804fc6130b4d24659f6143a5a3e22ea22ebbe778f4ba5c84da1fb2e2841061c41735defe008e4c64cc
key = a6dc6d3f0deefacf348947d543e2d3a50e0f62a6e77f35267266f689f0184a7b83f132ee5fe6382d72aa195e727add94
dbparam<><><><><><><>>{addInfo=일산, PAGE_NO=1, PAGE_SIZE=10, searchType=2, searchValue=드림월드}
dbparam<><><><><><><>>{PAGE_NO=1, PAGE_SIZE=10, searchType=1, searchValue=정발산로}
dbparam<><><><><><><>>{PAGE_NO=1, PAGE_SIZE=10, bdNo1=15, searchType=1, searchValue=정발산로}
dbparam<><><><><><><>>{PAGE_NO=2, PAGE_SIZE=10, bdNo1=15, searchType=1, searchValue=정발산로}
aplcPaymentStu{bankNum=1002043667829, phone=--, stuPart=생명과학과, memo=, busu=1, bankMoney=7500, bankName=이혜원, bdMngNo=4128510400108630001009181, saup=920303, bankInfo=0200000, stuClass=3, stuProf=, aplcDt=20150306, zip1=410, addr1=장항동 863-1, email=orange5220@naver.com, zip2=837, addr2=드림월드빌딩 4층 페퍼민트하우스 119호, addr3=경기도 고양시 일산동구 정발산로 15, stuSch=동국대학교, userName=이혜원, handy=010-2207-2399, fileNm=201503060119360741.jpg, stuCaller=2013111639}
dbparam<><><><><><><>>{PAGE_NO=1, PAGE_SIZE=10, searchType=1, searchValue=신월동}
dbparam<><><><><><><>>{PAGE_NO=1, PAGE_SIZE=10, searchType=1, searchValue=양천구}
dbparam<><><><><><><>>{PAGE_NO=1, PAGE_SIZE=10, searchType=1, searchValue=다산로42다길}
dbparam<><><><><><><>>{PAGE_NO=1, PAGE_SIZE=10, searchType=1, searchValue=신월동}
dbparam<><><><><><><>>{PAGE_NO=8, PAGE_SIZE=10, searchType=1, searchValue=신월동}
dbparam<><><><><><><>>{PAGE_NO=10, PAGE_SIZE=10, searchType=1, searchValue=신월동}
dbparam<><><><><><><>>{PAGE_NO=8, PAGE_SIZE=10, searchType=1, searchValue=신월동}
dbparam<><><><><><><>>{PAGE_NO=11, PAGE_SIZE=10, searchType=1, searchValue=신월동}
dbparam<><><><><><><>>{PAGE_NO=2, PAGE_SIZE=10, searchType=1, searchValue=다산로42다길}
dbparam<><><><><><><>>{PAGE_NO=13, PAGE_SIZE=10, searchType=1, searchValue=신월동}
dbparam<><><><><><><>>{PAGE_NO=10, PAGE_SIZE=10, searchType=1, searchValue=신월동}
dbparam<><><><><><><>>{PAGE_NO=4, PAGE_SIZE=10, searchType=1, searchValue=신월동}
dbparam<><><><><><><>>{PAGE_NO=3, PAGE_SIZE=10, searchType=1, searchValue=다산로42다길}
dbparam<><><><><><><>>{PAGE_NO=6, PAGE_SIZE=10, searchType=1, searchValue=신월동}
dbparam<><><><><><><>>{PAGE_NO=8, PAGE_SIZE=10, searchType=1, searchValue=신월동}
dbparam<><><><><><><>>{PAGE_NO=1, PAGE_SIZE=10, searchType=3, searchValue=신월동}
dbparam<><><><><><><>>{PAGE_NO=1, PAGE_SIZE=10, searchType=3, lotNo1=87, lotNo2=6, searchValue=신월동}
dbparam<><><><><><><>>{PAGE_NO=1, PAGE_SIZE=10, searchType=1, searchValue=다산로42다길}
dbparam<><><><><><><>>{PAGE_NO=2, PAGE_SIZE=10, searchType=1, searchValue=다산로42다길}
dbparam<><><><><><><>>{PAGE_NO=3, PAGE_SIZE=10, searchType=1, searchValue=다산로42다길}
dbparam<><><><><><><>>{PAGE_NO=1, PAGE_SIZE=10, searchType=1, searchValue=동일로}
dbparam<><><><><><><>>{PAGE_NO=4, PAGE_SIZE=10, searchType=1, searchValue=동일로}
dbparam<><><><><><><>>{PAGE_NO=1, PAGE_SIZE=10, bdNo1=207, searchType=1, searchValue=동일로}
dbparam<><><><><><><>>{PAGE_NO=1, PAGE_SIZE=10, searchType=1, searchValue=동일로}
dbparam<><><><><><><>>{PAGE_NO=3, PAGE_SIZE=10, searchType=1, searchValue=동일로}
dbparam<><><><><><><>>{PAGE_NO=9, PAGE_SIZE=10, searchType=1, searchValue=동일로}
dbparam<><><><><><><>>{PAGE_NO=10, PAGE_SIZE=10, searchType=1, searchValue=동일로}
dbparam<><><><><><><>>{PAGE_NO=1, PAGE_SIZE=10, searchType=1, searchValue=노원구}
dbparam<><><><><><><>>{PAGE_NO=1, PAGE_SIZE=10, searchType=2, searchValue=중계그린}
dbparam<><><><><><><>>{PAGE_NO=1, PAGE_SIZE=10, searchType=1, searchValue=동일로}
dbparam<><><><><><><>>{PAGE_NO=1, PAGE_SIZE=10, bdNo1=17, searchType=1, searchValue=동일로207길}
dbparam<><><><><><><>>{PAGE_NO=1, PAGE_SIZE=10, searchType=1, searchValue=다산로42다길}
dbparam<><><><><><><>>{PAGE_NO=3, PAGE_SIZE=10, searchType=1, searchValue=다산로42다길}
aplcPaymentStu{bankNum=110274668391, phone=02-2231-7728, stuPart=전자공학과, memo=, busu=1, bankMoney=7500, bankName=.정경수, bdMngNo=1114016200100520021003461, saup=900105, bankInfo=0260000, stuClass=3, stuProf=, aplcDt=20150306, zip1=100, addr1=신당동 52-21, email=jksoo2002@naver.com, zip2=831, addr2=302호, addr3=서울특별시 중구 다산로42다길 25, stuSch=인하대학교, userName=정경수, handy=010-5069-7728, fileNm=201503060210040306.jpg, stuCaller=12091361}
dbparam<><><><><><><>>{PAGE_NO=1, PAGE_SIZE=10, searchType=1, searchValue=심곡로12}
dbparam<><><><><><><>>{PAGE_NO=1, PAGE_SIZE=10, searchType=1, searchValue=심곡12}
dbparam<><><><><><><>>{PAGE_NO=1, PAGE_SIZE=10, searchType=3, searchValue=심곡본동572}
dbparam<><><><><><><>>{PAGE_NO=1, PAGE_SIZE=10, searchType=3, searchValue=심곡본동57}
dbparam<><><><><><><>>{PAGE_NO=1, PAGE_SIZE=10, searchType=3, searchValue=심곡본동}
dbparam<><><><><><><>>{PAGE_NO=11, PAGE_SIZE=10, searchType=3, searchValue=심곡본동}
dbparam<><><><><><><>>{PAGE_NO=21, PAGE_SIZE=10, searchType=3, searchValue=심곡본동}
dbparam<><><><><><><>>{PAGE_NO=31, PAGE_SIZE=10, searchType=3, searchValue=심곡본동}
dbparam<><><><><><><>>{PAGE_NO=41, PAGE_SIZE=10, searchType=3, searchValue=심곡본동}
dbparam<><><><><><><>>{PAGE_NO=51, PAGE_SIZE=10, searchType=3, searchValue=심곡본동}
dbparam<><><><><><><>>{PAGE_NO=61, PAGE_SIZE=10, searchType=3, searchValue=심곡본동}
dbparam<><><><><><><>>{PAGE_NO=71, PAGE_SIZE=10, searchType=3, searchValue=심곡본동}
dbparam<><><><><><><>>{PAGE_NO=81, PAGE_SIZE=10, searchType=3, searchValue=심곡본동}
dbparam<><><><><><><>>{PAGE_NO=91, PAGE_SIZE=10, searchType=3, searchValue=심곡본동}
dbparam<><><><><><><>>{PAGE_NO=101, PAGE_SIZE=10, searchType=3, searchValue=심곡본동}
dbparam<><><><><><><>>{PAGE_NO=111, PAGE_SIZE=10, searchType=3, searchValue=심곡본동}
dbparam<><><><><><><>>{PAGE_NO=121, PAGE_SIZE=10, searchType=3, searchValue=심곡본동}
dbparam<><><><><><><>>{PAGE_NO=131, PAGE_SIZE=10, searchType=3, searchValue=심곡본동}
dbparam<><><><><><><>>{PAGE_NO=141, PAGE_SIZE=10, searchType=3, searchValue=심곡본동}
dbparam<><><><><><><>>{PAGE_NO=140, PAGE_SIZE=10, searchType=3, searchValue=심곡본동}
dbparam<><><><><><><>>{PAGE_NO=1, PAGE_SIZE=10, bdNo1=12, searchType=1, searchValue=심곡로}
dbparam<><><><><><><>>{PAGE_NO=5, PAGE_SIZE=10, bdNo1=12, searchType=1, searchValue=심곡로}
dbparam<><><><><><><>>{PAGE_NO=3, PAGE_SIZE=10, bdNo1=12, searchType=1, searchValue=심곡로}
dbparam<><><><><><><>>{PAGE_NO=1, PAGE_SIZE=10, bdNo1=12, searchType=1, searchValue=심곡로}
dbparam<><><><><><><>>{PAGE_NO=4, PAGE_SIZE=10, bdNo1=12, searchType=1, searchValue=심곡로}
dbparam<><><><><><><>>{PAGE_NO=3, PAGE_SIZE=10, bdNo1=12, searchType=1, searchValue=심곡로}
key = d8795b0891a6dd655a51b2ec05baafb07a85b7255c751b7ed52bef154a0e8a16ae32c2dfb097c7c54793458b57df2558
key = d8795b0891a6dd655a51b2ec05baafb07a85b7255c751b7ed52bef154a0e8a16ae32c2dfb097c7c54793458b57df2558
key = 345d56e7d55f86a3dd97389effa994495c4bec14655f018ba0e13366f523fd39e06913da331484f20b259c7af58d5f0c
key = d1c5464384b091cc2d44d791d2b37ba90cea80bb3c9d92582699e164c10e3a20ca59a6609e11df4e752d8ecfba6822b6
key = 7f4d601915c17d33a9ebafd42aabdcde5597ba1978f97aaedd531b0746cf7247d0a732749c5d06bbf92cc647f39bbef5
key = 2accf9ee66e93d053c367b3568a4e95f670c2920c65c921c94eed12b28cff29128f5e892d602b28fac0e6a5910f620fc
key = 06fe3b19e43c469dd5e8020ed0f1e563cffb2ad84105635fbd6ed6e4104efe2f68d39ac42b777afaffafa9c83b586a88
key = 860a625e28668df72eb0c613b1368ed676c3a2db1d82de6428226a206dbd7317d474cb5502fd27636fe9d55fa9ad8f8b
key = 447680304a0bf417bd5119452c44a5b1c905589fc4d1a5586fcfd0905a5b27da754b646a72dab29384c2d374537c7e63
key = 6664da6d6aea040a414f90aea3fbad3135b871ee470235c50816f909c7f3295e5883abd9ea362ff4065b258b84b5ac35
key = 6112db017063d284d3c56fce21d4dc564263b38efe46991701890bcabdbe1546a5fa24ca73acbaf4956a6d1b04a971c3
key = 6112db017063d284d3c56fce21d4dc564263b38efe46991701890bcabdbe1546a5fa24ca73acbaf4956a6d1b04a971c3
key = ad6dc8cce612269dada21dc03587020b6a142c715010320fd0d087769c28e50bccb2c38482463b30ae7ff5ddf25a8ea4
key = 83e25e5080e6b41fb9191a2151c2f3c19757d57b24d9243225ff50b9862366c1a0a39012e0e244a2e5be24c61c34038a
key = 3164ef46af0147995d84e54e07ab736fabf81a16b220d8461216bbf5051a939ae9b7cd0f52a6b310a50c5773a32665e7
key = a8e57a4b054b0e87c07215f70943f5062929c9f58668c5d6e1c05dc49ba14bc75cfac7d8b3067ec40f5198fea45a1399
key = bc25a571f4fb83e58527b50aec0eb7960f7a0734d5e2f8f70be158f7d178e423a4e0fb440c96ecb2a2fae3135988f91b
key = bc25a571f4fb83e58527b50aec0eb7960f7a0734d5e2f8f70be158f7d178e423a4e0fb440c96ecb2a2fae3135988f91b
key = f5ad45a2ace2525833d62ef4c5d2d014c46055bb0256c21270b125d3090a4cd9a04f7263e55f7f33b93309454d073d80
key = 183291be57b56e75478a7bf09e786694ee4fa2265e1964475a897e97d7744d53287053135d95015873492e671a7418a9
key = 183291be57b56e75478a7bf09e786694ee4fa2265e1964475a897e97d7744d53287053135d95015873492e671a7418a9
key = f72a7614475b4ae453293baf8ed0065bde2e0d8cf39548ad39df614a87e1c03a606745b15954fd16bfa091a0fb5ea451
key = 2ee4b675afb02df9a4e72d328fa2075a8e5bee94173906172e1c1c24e0f73d1d796be8be96124682b26cc595d511adf7
key = 45818a1e0680bb88c849341ed4f20d767ad195ef489758f8161e5530a403a06ca1d18e12ea29fd7d1553b1a1726fca48
key = 2ee4b675afb02df9a4e72d328fa2075a8e5bee94173906172e1c1c24e0f73d1d796be8be96124682b26cc595d511adf7
key = 712b405199fa86e2fa53794b90523fbc56ce7c36ccb75d5cdb39d5edb0433511ed77cad11af620dc4d2591e864bda7b7
key = 0dbe4627a6223d595bbb363982cc51036aa364beefe34f8e86e12167043e91151635fe570f819e8993c04189b14b1d1e
key = d01aca8372792d6619e170e7ce32692420f3551b9534ba3383c4e6b6d67a78f3347525c160d6605bad7fc6707477627c
key = b145520eb709c3c4a70d1a5fe46c3bbda0ffcc404090f089dfebd3039fe10d9b88bbb41896d9705fdab66b6f02b44eff
key = 712b405199fa86e2fa53794b90523fbc56ce7c36ccb75d5cdb39d5edb0433511ed77cad11af620dc4d2591e864bda7b7
key = d01aca8372792d6619e170e7ce32692420f3551b9534ba3383c4e6b6d67a78f3347525c160d6605bad7fc6707477627c
key = 8d06a1971e8e5ca001673a14fe772d15ac1282feac6d6c48f67478ba5cd3924a94318a81b36bd39eca44fb9d9d65f612
key = dd17870296ec84d7e35ff958ea0899d7c44c5b5efbeb0a755e228c8e32d5aa39825ab1699f687916e3d3afd701c517db
key = bc25a571f4fb83e58527b50aec0eb7960f7a0734d5e2f8f70be158f7d178e423a4e0fb440c96ecb2a2fae3135988f91b
key = bc25a571f4fb83e58527b50aec0eb7960f7a0734d5e2f8f70be158f7d178e423a4e0fb440c96ecb2a2fae3135988f91b
key = 0c6331a7e1ab2cbf70997a955f7df7ff6167c32df701cb3ba20697a1d874bc62409877a5d4e29cad7e5b9e9a34f8fb99
key = d47f66d9525eea916c7431dddc7468c24fe4969bf99b1b2cee22d5224ba0939116cfc43b768f0d707064035110b88581
key = 3d7dc58eb9665bb466c389281cdae319ac285d604c0379944492450d26fc81b107025758df414c5222f5519a561b9fa1
key = 3c07f13904665495f4e5b8edf593d8ac605598ffc3c5cc1c3b0665c025fe8acffc858a4d2dfa8cf3a7c5f8d90f474478
key = 83e25e5080e6b41fb9191a2151c2f3c19757d57b24d9243225ff50b9862366c1a0a39012e0e244a2e5be24c61c34038a
key = 657691be91d1b433d137f59471125d04c7dd1b5354cdde434daa466f8ad1c589dc924209ffa6a4e1e73a7cf04e4c4ddf
key = 7aefcd303f469f0a51c082770cd040c6b997b8844c405e73f801a1e70edd6b79ab16223118086deeecbdec78115420df
key = 03ede8e80345edf71e83d61d12453bae4d64f86d9d40d123c014aa6b33bf12a28e79d501ac872a5d7de243881867c600
key = 21ba47dbda25a7429d09b03482f87389ca863558a6d884c77d19f680b9f5b200a81c7f1fede2f6f29b2825a099aac112
key = 74a4c0210add59ffd0cffb208a2bbd029dae699d6c08eb732460d455c12e87f495a6a5f6d575ae85959988269bc99b9a
key = a6fc48218c1225a6fba505be2937f31cd58761833d35920999ae1d2cfe63373dff0abb8a5811f29a40201d179ff423c0
key = d7834577e87619c3cc30ee7730d3596ba8b56dd8bd7ac80c2f4f0aa6ee51fec0df7f4c67876ac52fe7948768261d28f7
key = 6664da6d6aea040a414f90aea3fbad3135b871ee470235c50816f909c7f3295e5883abd9ea362ff4065b258b84b5ac35
key = 74a4c0210add59ffd0cffb208a2bbd029dae699d6c08eb732460d455c12e87f495a6a5f6d575ae85959988269bc99b9a
key = bde32742f43c7a17211e780cff9808546b5695cd9da7543f09018064a2195910ce9ad811984959af6bd7dd903614bfe9
key = 922e1b9f82cd61fcd3e0135a47174a827a0493d158874868e8f30295f33dc335781e069dacc630df1dac8ae205f241ec
key = 51cb08362ca9613feb9eb6156058ee12cbe4c9de95c29109b15bd37e4a941c5581f2b7507f3c021280148dc08d982e93
key = bbc73125d9352a9e922a68808446156f4161438b2f492d37023bce973f89015251caeb3b1ffbf42437a3fbc4936a7328
key = 48114e87ad022e2dcc60a8a20a9c215a9a7891abc2ca13c1774d74cfe36607e6d99db90f3f8bb52e6da601c6018aad19
key = 3c8c03a35f468520ffe869b27ea01dec359137cca2e3199b9737b77a31220f07da0c6539078bad575011e0242a41a58e
key = 6bed77dd6bdd88e47b096048fce09a147ebe02f32d1eed65891a712668bd4ce83fac9eb5d762ce1acbb27a997fd7df8a
key = 3e277863dcd3f283807ce81e61c32c882af9091e3abacbb8fdbd97253e0c42ce47294a65db6e4ae2cb669d2030013e80
key = a2b444e1f44d299e232de50a142bae00bb7b6ebabf3eb4d07f035c66ec6eab0c902ba5bb1defc28f9220a2cdf61e243b
key = be51f22374949189bd0e7c44263a12e2824d2cdb9c0799662a704a49cdeb3739b050e9f7a9114e65834195d883eb161f
key = d41edccd0c8bc784645cb8d2c0dc936a09dfc8ab404587809e3d687d390b41caa3b23bafd4016d18229bffc774caca9c
key = 30d99a8b0f73edf28db11ef762a74eae8381785c6943f2b7bcee0307510c464c4fca521aa79a3e9321f59be7f12f0274
key = 52ece543c061c55d4eb74b5185ee92d34aa360606476a53b810d17127d8798b6a65002b38c7b8422dc8ac298fd702ec3
key = 4a8e8837fc8e6c499dd2e40de19bead3624952aa45c062b415e38b337786121f9aad63b2db95fd61a034677ffda88240
key = f0899e003a3b76e73679320b11624dd57fd42e7bf8819564190699ac9f249c80da0d76f659be67be0e9629e36556fa8a
key = 457de0538f5f910502b31e76506b64cce028c60d2684e8cac3ac5530f789a221402d853bc44946f0953a2350d3b9d0c1
key = 2f18dcd215c768e1a859f8be4ff37adff7ec42bf503bece2d289bc3c3d76efebdf6fd707920698ef6093a173e7823934
key = f0899e003a3b76e73679320b11624dd57fd42e7bf8819564190699ac9f249c80da0d76f659be67be0e9629e36556fa8a
key = b7e17ccb1313a437de40ebaf56fda3abd8232329d147d1d3891bb2f81a34975a402ef77879a52a90b4cfbe2832f56c8c
key = 591543de4d1f7e18223562a37bb492d610c6692e0b2839e187bc134968cb4de82fd7e8e3d3e8b503b0b081f4fd31d0ad
key = 915fedb12355584eb9a7d10e05de497bc43649cb4c3eeb6c6cb9f0fd2746474776d59bcc1db3ec1b261bebc28dad9767
key = 96c2b1d32b34c909154ff5b28ff878f152b35038e92ef32641e3dfba8db5b563159eef7c9cd3a61d9fd684506998dfcf
key = ed53c18a740afab4f2e31a5f4885cb1f7a55ca665ffc02b3750d555eecdc2e9e65219fceef80ddc3afbbf25cfb341db8
key = 7fa30af2698cfd9a650a12ede4bb4f50e6b101ae55d04e6be4dbb9341dd530b9837d0d5bbd096890aff48c150160bd5e
key = d1c5464384b091cc2d44d791d2b37ba90cea80bb3c9d92582699e164c10e3a20ca59a6609e11df4e752d8ecfba6822b6
key = 297c9eddbe291ef9348c1cf4f7128bd807baa98d481318e8f1dd9c70dfaba0d5e3c424e8c927b742b85cf202ba507326
key = 0986bbbf7bc8886facc3354ac2ab4d7004f9d47b2cf8dc0a96b79441756817504c178e0e5c9cf1236646c578992bbc37
key = 2cc914cf49329cdff569edba1ee3e3a2dfac03e455adfe3babb03c8325593aafb210840a1936bb5bfbfd8d00439cc10e
key = 2cc914cf49329cdff569edba1ee3e3a2dfac03e455adfe3babb03c8325593aafb210840a1936bb5bfbfd8d00439cc10e
key = b14655903b8df609c265a2059c05588617b39f2073353627b74cfae1a772923e43c5b99bf20ae48b183eb6d139ddc8a1
key = 695765529fec630836780a45dd01219de50defd6c414f131c55dffbed79230e58063f44c75f149eec7e9f189ce8a5cf4
key = b14655903b8df609c265a2059c05588617b39f2073353627b74cfae1a772923e43c5b99bf20ae48b183eb6d139ddc8a1
key = fcfe79ae0c0272ebcd25fdecf51921ee0b947957558d17338fa9cc3af41eb592d8b5b7c44c3def6faaf1c66f6a84524d
key = 70819453d6bae8e3ae139b928287aeef5cde0b15d3f7f8c31c1735a5db49e51ebea65ca1630c29fba1704456330db87f
key = 23f592bd0b9e292cf66612c1d35155c1f2166e801f212699ad43a9592abe70c896493a861e3029ac0659900eafb70a34
key = 71e8fe0a8b6fe1c572c08255c5af01e40018fadfe5cc80462e3548995e9155d7835ef553a1674b5b8e450f64f7723a7d
key = e26eccbb5727bfa71bcdfc593ee12bb6c960b8e6672dd77dab430eccec64bf3de475dc0a82df7ac87b824faf1c65268a
key = d9b3d890b3ad2e56fe1aa262bc3b2c30b9c5185a822d723b8b3ace6879387b9641bad7610c1dbd107b8cf75b7259edd8
key = 38b4ff61cf344bc61012b0c4f9b490f3ff9fab068da8a9a2784af4951b1b1689483121cbd14eabaad87f613d14ffa969
key = f6a76e19f1d67dcf6a2d30f316ce11e16dc4002ac0d17a128a0f0198d13411d8703672dabde74b4b6f604285483b8250
key = b770c845a49ababaf76692c05907ce45a70ad73cf88b80922f0adf7aa95a351f9d6d0c6fec7338caa744360f331445b0
key = 7efeeeb390e4b43c974ded0bfdd0d590abb6dc0fc18feca1972cd2c54faac3c37241a0a3ea243dd046a026e66d463750
key = 5e19745febb1d44bb0b46aec2c253e86b4aa5e422db5b9a8f58f55511de4e80ab93718b5747a7d75c75e01ffafef8ff2
key = 7a7f87c36fac7eb0012906ef7d4278219776d09171893cad07b65cff391c3f79dde5488611391ce82c7af0562634d65d
key = a6dc6d3f0deefacf348947d543e2d3a50e0f62a6e77f35267266f689f0184a7b83f132ee5fe6382d72aa195e727add94
key = 25ddab9e59ec0fb9278e7e35f307fa80fc85fbea77d729eb61285a1005d3d0d802f07ed168a1a3092a4740b3dd7a6252
key = 658e50a07c650dd3c59ea7f4b0fc2d8fed08295344fa36638d0715d5a49214ced09a249ed1b05b61fe5ff07a6fee1633
key = de72181fa5362bbb48b3205cbcdc48c8aa3e288c47fcd107c6a5ba6506aaaea3dd41c93230525cdc387e4e487dba6074
key = f419a6af12352fd9066fa30b3b05bfccce014cf91b7fb416a6b6f0232470a93edfe1408d792f4126ab18dcb3302e16df
key = eb96c05ead20061b6a253ea1b04f19ac1dfcca3ffd2ebe39d5c24d13064e23d81fba9fe4121a150fae044ae4b89fc085
key = f4491589f88d8f0888fe2fc92d9a1c60826313f9478dd46c4a961efefdf448eca9a99431fd7d051a0df89dd8bee74709
key = de72181fa5362bbb48b3205cbcdc48c8aa3e288c47fcd107c6a5ba6506aaaea3dd41c93230525cdc387e4e487dba6074
key = b85ba9942af5bef240ae64669b413e75b8b846bf47d6b0da7171368c1cc9d125054cff61a7f5a20079bc05c119e45f00
key = 8290b18d8a958f502e1c5342dfc0e9d0965f3833ad88c72494673e3925c27d411f1a6b60746ca8cb9d32ce0b32fb055e
key = 6b5a9b7de287fdd763e816b91c03aa2c4d750a6faed00f256b620a0608b40a5e1fd111d8ee46e8663e4991ef8d50fe57
key = ef48c8a0acba13c89cce10ce58a07f7e6af279d1d7c2612b84e7c8936f0703664c736d0a664e5ae9e65056612315023b
key = 18ae44f7b9374e1746ebfe23f5e5d9b9885d018d566724e6662195f9e5461b05cfbed759f7fe11ff1760c5eadfef5fab
key = 28b1a58bff5c63c793650d29a806df19d7a118120193db0a3a75e11beda22bc59a8336057ba2c72c22c6182b31e2d1fb
key = d0d5cb4aff97fb3ec0db4db95ce9b93e041544fd43e87c379ff21c92953af03369cddddc39d05945304efb161f36f96b
key = 75354763cb79b78e668ef7fc40af2573e8acc46e7cb65d567f4bde5eb6b1b678016a10df14873b8d9aa18718e4ca2762
key = de72181fa5362bbb48b3205cbcdc48c8aa3e288c47fcd107c6a5ba6506aaaea3dd41c93230525cdc387e4e487dba6074
key = d90412d27c46deac23aad04c31d47cf8969a5e2f19fa1d63ba709ff9a1f3fa28ae84948ed45909360401e384ada6e60a
key = 2752a111715685ac4674f723660799605bdf16d368e959aae1ee230dca252daf4080f822d6b9b7fc7bef459defc4b774
key = d90412d27c46deac23aad04c31d47cf8969a5e2f19fa1d63ba709ff9a1f3fa28ae84948ed45909360401e384ada6e60a
key = 2752a111715685ac4674f723660799605bdf16d368e959aae1ee230dca252daf4080f822d6b9b7fc7bef459defc4b774
key = d0f79d98c1e05052eb26c91fa4a8a99c4022a2f647163a049e945fab50e2ec8f27a3e6778010d605157d432647c4e810
key = 2752a111715685ac4674f723660799605bdf16d368e959aae1ee230dca252daf4080f822d6b9b7fc7bef459defc4b774
key = 613ba6c19e3e9ea2efd7f7bed22fd734d9e32e9d4380ad7bf3debba39ec7ab32d1591a2619ab05427d5e385d83cc901e
key = 4e878f376895323f2ec7f0bc288998f6c2db5d4f8cd508f5221ac953674dbe4d524bcdfd3a829506b670f2c382d75cbe
key = ba7a4776c6ad823185fe0b510d433d4dc1f8d30e98fa9195a6b732af2e43ccfb1ac7824e05ca3ad721898b57adc03521
key = 11771bc9c3e28c9325d174cccd3a0b8e4e33dc8b4529a060c4b231f858c8ad6483ca86ccb6164d9631c58e2b75c94fc4
key = b261fd30e296b3d0247a0ce9e7542a2d390bbbe177fe9009a98ca0252e3d0d8ad1a42fb013214ed85eaedc171db56ddb
key = 5830b5abe829908568d41f07fdab59382f564378989dfd3ac15f1c8a2b566f72c438f4e1673b8884b3cdb8f040f78953
key = 1af264b9eaf1d5abccb3fe559e177dba36cec91256486f1dbdd1d72ef6fbc99d19185206761a1ec79cbaa09bdd0629d0
key = 47616718f25799df1349e5caf0298116efab6302e2dd3de6cc640422c2fd80f3548d974791bc8989306f75c36a054b49
key = a7153ae91eb1fd05af08c45d785f75462a07c181ea0532cc3cda50d806d4251417da8b948b1a976b5d2144df0cf4ea2b
key = ef3546046190858064252ffdabcfbb6c7163df1e84c24a6b69ca0418fb01bdd0e22952b20cce2161ee8bc565d6d002bf
key = 4ac681d6646269b8dc93caab220c85d90c9ac6b74f6754c072ccd1c04a88b6648782d1dffdbcd85c62c103cd47ac09a4
key = 00314690cfb09090e6e11e0be95b2c6a2ed3970a6eda0a5e0de86981d46d870ea5665389d6496cdc956a9edfe0ceb61d
key = 7913c65048fc078eae4fd63b82055d45e05fc62bec6805fd995f2e6d7d006b64d0603f3a220904403dc815766e9d48c8
key = 1686cecd1411d322700a886cdc663ce75fc2bae86ea30ca776f0c63fd083d2289495e6b42fb74ccc047e01a4767f55ac
key = 7f6170adf9bd8ff0cefd570ecbabb2f6c55c83a1a0f5b9ff191c6a206f58814356b0151859aaf0b16626ac03aa9084bb
key = 15b4316a02f0c585a5dcf9b6e340c9ec7142c73408db5a8208950fd1b6e3db004546402da42aca533fd98c55ddcc12a3
key = c104ddb8a265a5aae1328be594ea72f4697295ce57c3f44efa9842b660b85d76f01c3318648cf8ea5964f759a9e0c165
key = df1ff330354aca679184b9eca1d5023ca011ae2854508e818f0e0b9de12f558209fe8c88430187ddf4eaf10bc1cf10ec
key = 62ffc1a46028174f5f42bc46888b49cac7eece21c99be7382fa5ea20b4d5d64915ab902972b990e824ce23bd739922bc
key = e45d5722aa0fb6a1237875f94a8bc92d9cd8724c06622a44f4f5168c5911e9b0b025bc69cf360abb9ddbc39fe5bb1b61
key = b02b908085da76e0b6d50ea6244a2f5d3ac31959affbe398b6ddfab3caf2ff17ccd5fb88d17312d68a9a40b74bf1d9f2
key = befe61fac7796bd492a33cd3ccacc4762ff19a8d53595cdd2a657ee938d8dc61caeb0f1cde826c351a811695da61aadd
key = 6a2352a27fae436851215150389bfbf048c4810153596b70978a91a3b10040b1dbed7eaf634faed193e9fd3e031591cf
key = 6cc09155b766c0ea95a127529153d83ad91fa09a99b7f1041ffdb0a326258059895de6313b259fdb6d9b61c4d27c6a39
key = 8adf1b6f24787460a9ac3624efec7c1b836afad1dede789719ed90b34217be707efc315aadaa52d3cfafdab893b106b9
key = 0524a92c4cb1dbec28ad3287ce075a0d4acfa2c8af885629cce69c2c3fd968b02f209ff9b3d6038aba2ac559b0b283e3
key = 499ce9d65e811783c2f3042c89c6bea496a64f716ed69d30eae0cf37bcf26a2d3b72671e5ded2183510abcef086d14e6
key = 499ce9d65e811783c2f3042c89c6bea496a64f716ed69d30eae0cf37bcf26a2d3b72671e5ded2183510abcef086d14e6
key = 256996692a13e01860d407e27e27f05914d99456fd1a44ae73aebf801fadcf9fd2e08d20cde76d1653678d1086b93343
key = afd51e3ac1251bdfbf684140d51cac014396b7f0cefd4fa86cd832d74f17109b907fe2482c4bdd7320cf6d366afc49c8
key = 853db5f60dde266bdb9d9d844a73c4d4859ff9ca2f123d6a5f43aded377e1edff998793ad150c823029eec0b571353b4
key = cfd3f656b454e39151892a44f2539619df8dd92ddf34045cd80ea38be3e1947e2adbdb46c65567092849b69a8919a1ce
key = a168d638004f8e97a12f8eb997f86de5dfa0f8689ce5cd13a700a49e7a31f61149ce892fa57cc2807ce5b2434823a584
key = 4d2158dfc2401297fad65a26495dec75073b59e43451a8a2bee3725f687628a66a579538a9015a084be94ad842a08111
key = 5e465dd0e82f1aa47ac776fa2ce1f82dcde6f7cb1a7580f351f4d7a0e9845618181352e272c23643849b0af9c65ed448
key = 9fee136d25ba44803632d635be824b457b5aa5ac5843bc8b7160d250f4987317fbfff1dfff675414b38e7b1eb14a8e40
key = bf308ab047fecb24898dc66b326b47da6adf76f0d10fbbd8cf137d4c9bed63280985ea2e27f20a689affb21bf73d2d6f
key = 9ba724f31ab376cdfa90f78620623b2554d53ebe6be335c0980db62019d4381ea0dd95e3a22417886d0c40d30f13a1c9
key = 4bdedc09f31a3a2e25b23a147a9e8db164981221da02db34f90e37ecd22ebcc579ba383477e536afb4d63f78a426964a
key = b36a14048ede48e7f8b05c2c92c5600e8e963817aefb0b679af55719b4c8b720c22777cc0f4c3f7a04ebdfc5fad93a09
key = 0ef26a9658907d768b95263039972399a386b9db58f6ab39a697fe6752f3492eb061d58879e641f9c5b8b8b04b9ec4d4
key = b36a14048ede48e7f8b05c2c92c5600e8e963817aefb0b679af55719b4c8b720c22777cc0f4c3f7a04ebdfc5fad93a09
key = 9aa3f83439bfed18f5af6422aa7b229f0e08f5c6c793ae6e02016b6549c7e67088a51c72585ad4efd290840d9bdcbf7c
key = 237e571f273372b7f504ccc16b284219f86fe92eee1e2a65b1e96b77483415aa63e2f3ab41de865bf1e4cb5693cb0ac8
key = 303981831a647b684d85f222401cf4db5b825515478f8b2fc6db5fe8d8413ce6b14f3c2bd02f4e1381d035213608fada
key = 9bddc0b0bf17a547e94ac0bfaa81523276aa08f7f61908d695aa5c2a3c6fc73c1f5c21e21fd98462ac6c03cd0530dc36
key = 501dbb81d684509b95ab22d2658ef8fc8ea605da9feb22833d7b47f4db57efddd861e71696db4316d82077cb0e8c91ef
key = 2e584e4db2b9c14730ac2ab1283d9663347826a47aaea49ba044599e2ff1a5201aa8430719977dbd6b1e831ae23965f4
key = 4a5484269a70758ce6b14f5b24e9d78cc084dfd204393807c19af2257e98a92829a616b3915bb5b85e5a7f305575a6b3
key = 1d4e55f316fff76a72169ac9edd74191105453f815dd97bb5be4ef16dab1e827e1633218b4493033733af409bb85dc93
key = 7d92917af6ab6f4a55acdd46f53f6b46a2d5ea47696e70e006159292ff2c3d0060d7709a14e9869fc6de5d9657686761
key = 36c7a521116205145f33ae3c6b4ab96459c8a8ad04bc4fe62f7819e534c3f6e07923b2ea4c11e107e134a3a4caf1e7c4
key = e21d155072917dc6158a7325f9719cd1a917a6263f6ed7c865a94d1580cdf8653bc6c6567b667d4f8e0d9e36d8a900a6
key = 5fca950633df2bb5533f0eedf4ddcc8facb5fb66e4e917facf7cbb37d94ebbde6549745593add396a77787fef1471a6e
key = 5bfed969320fa7f3fda821e0ae9bb3f5feec7471f6f6d99bf13558dde2b277815ddafce865c25c9267b509a4347ae18b
key = 5fca950633df2bb5533f0eedf4ddcc8facb5fb66e4e917facf7cbb37d94ebbde6549745593add396a77787fef1471a6e
key = e99892e6cd56d27d208a18080786a076daffdddc0923844f38f1775fd4f83501ec035193312770fe0c81e5a388b35bb9
key = 2ceca8caecdcb191963f0ed77e2964fcd460e6a6993bd6a23991742a9599cd2d06aebf68a0f988e04e1195237a6e214b
key = cf7435f4398a4225f257cad1a74b77acf65ab83fb1647da56689cad8db133e1848e0b39f18a8636605f4c8646ca4039d
key = 7d2913effd7d2d12678fa7becf4503be0fdb71a478b778fff86d8a5cb1d371b8160c4f9aa5ef5a842c8b3c85dd5a1fc2
key = 6e26e32de2626db58d91707a29863350aaaf4fa88e0186ba1bbe415aebc7beef1ff55f195e12b7a53e3878099934c18d
key = 1e97551168f22e69984d36dea21a6ebfd2c90ef33ceb976ebace75856679a3773c7adb5f766e7d6ef4ba92398a19286a
key = 0581903bcace632bdf495167e92e3b3006dfc90140469b11192ca1e82e22409952fdd2ee73d2c5a8efb0009784bac01f
key = 0581903bcace632bdf495167e92e3b3006dfc90140469b11192ca1e82e22409952fdd2ee73d2c5a8efb0009784bac01f
key = 4e7863be20a10a740eab07e0f810972c3bbd9bd8866a75429f7e19cbe648319bc703688ecc759a3adc8af15a4afe3f16
key = 7699de0034d303bcb8cab82e310cd2ef35e2069b6a03dafea8a6d498234940165a6c882695222d0cc918d6189a9000b9
key = c0476154496c0560fe74c38f577215108efe522171e94a885ae51dfb246e681977478f8fae08e531eba0ef7c58df1de1
key = 1e1a2b04ec9d63f22dd16068d8a7a8bf2ef1142fb76a8d27bbbca99513cb24a6a06734beaed823b7039d543ef1c98315
key = d39dad47696a4fc4b06e944367fae8828260160ead92f89d4840bdd19868b33090b45024f7c4e783e318df3f735eede1
key = 9ad174a4ce165cee62ae2aeec067934aa62b09a7833cea69457fc96cb0f0a121694ab397901416b5c87b7c23952a6395
key = 9b6456759249a16f3b646d408c8e68cbf7dfa35d42be0b393ca0702e5c525a09f02f12b82944e228a34873cf004f478f
key = f7a6cb39f3b475f02165fc0f437622bbdcaee467888cfc8acaa410fde6678a0f2170ce4d9de2948715b30a9a3e2abf65
key = 17f82e7d596900f82715614836dbb99d89702304bbeeb6c63fd9e720823c99b57f02061dd419786ac8dfd523c3dfc59d
key = 8e0623b4aa4fad93f60705081ade45a9aca4bf2fc79dde3b916597b2eb25f66aa9b5f3cda4ca9f7b0e1a9f57396909da
key = ea6886d606e3d888d558d44c5f23497628e6f179692b98157e54a518e839fb1b988df113d2ccc4f05260ae767cec9c6e
key = 7a387f37c49e049b652c41e373940e7557601d5b2c844cc624714fa4d68dd93a8d506bc9ce7e93e59213df272243c6c3
key = a129cc2adc62ef1507e9bd90131245b42c5d603cd0b43e9575937c5ea3fc58ef1646e3f8ddbad8da84c69b3eaa3db0bc
key = cd5041c24446364caa0df4c75de783017dfd4fcfa32a0665acdea1e8a15a062af44dd66abc3b7993ce1ed6a96a196702
key = 3701dd6a48b1e9176ef0836ea6f8f9107e98740a04dc1fc3cfa61e2f4a60932303f15391c0b0bcf1ea3f0b818e94c9af
key = 5fc0491df945b1ae2fb2ab7b3c7fc8ce7d12e1d54e3b3a23844a6e91b55b0768d3c9c529096796d6c9d0e24bae84931c
key = ed129776e2064d33c957f0e572e2152e8995d55cadbfc24e4bdf3616bd369e232c5bd69638896a881c87f687d2479c76
key = aca380678102c457d755c0dabacd70cd3a45592757cf9116e27a89de975422ef2c70763315bbc6e9288eb7247e9eb580
key = 08d520b36abbf9162af723876f733a4e5951ecba0dc7f428f2d53cb01fc3c4fc760bb24e83613edb63d73e054d883b3f
key = dba51c14880e62f2a6422a2a9425af0c478f288600428c251e37d3cc6d1e3bcac43e42d00078c527978116330552bbd4
key = fd08b0a69666cabbf96ae88789f18253bc01e0b6994083128f5ae0e51c83644416227380c33be47932c31b46ca064e46
key = 300db675c2a0cce668ed71250a72ea95c61d24813af7f2ac462b85072f940426495e60c9559ef136127d9158c1c54356
key = 3b467bc725eb486ed3f2cf2c286ff34d9cef23d5397cae59a38e8c5980e8b11c43b196fee00851188451cae51392ccfe
key = e41c3d7632bc6f3a44e721bfd4099ced7b73def815d5a8a9cafeb9010aac6bb8d50e4d1389ea3b2e606c33897e8be87a
key = 3fef6baf6556be62601ac05260b5a3d856832a7c585ae74762fcbd4767e22e4aa13e05ab0a6250c8b7372f80b031882c
key = 5d44677773a02d46287b1a20413f2958b05d86debfd74caba3195bf5610b786a7ea9783f62080f5a64bb6a04d3c96c7b
key = 99529a4308472dccd8bdf78641d48d303c728aa00a2a6ad754146e3cc7067a45e0559d3285523e11c4f60fca232ae7fe
key = a9befa28e0effad945988eb2d51a9da25debd3717c64d0e860e8cf3e6dcf95db27f3923057fa9312f955eb75c7e59bea
key = 6d7626a6b52a24661a2d2e43549535ef875a730b391865b13742948373fc1bb0294900147bba08a424b66eb8cd463e3a
key = 636d63cc72be34b23bc5bf236fbada1884202c56d7a786a8ecbd30b1335975cc5293ff591a62d6f1bc6715eeb4d73070
key = 3cd846ddf1ed7fde490aa4194fcaa5e28c342460ad2e34bfcdd498a6f2040869e9f88623692cb0491eaed327c999bc28
key = 6d7626a6b52a24661a2d2e43549535ef875a730b391865b13742948373fc1bb0294900147bba08a424b66eb8cd463e3a
key = 636d63cc72be34b23bc5bf236fbada1884202c56d7a786a8ecbd30b1335975cc5293ff591a62d6f1bc6715eeb4d73070
key = 8ef2ef5412a1df36537bce99505a9085e530ac10a981365fe3399aa18d92fc2b0d90697b75ed06590495c9ded1427f97
key = d5dc08b596c553d33acf5497f3a81fa435d96bb907178dbac58b007ca94c68e57147527f9792a3567a8949b9bab22c0c
key = 061bb97c1ba95284d07d5ab80f9c2282fb30c3cf37dac49effc63322caa0034808af1110888b84438ef8abe3ab2ab30c
dbparam<><><><><><><>>{PAGE_NO=1, PAGE_SIZE=10, searchType=3, searchValue=문흥동}
dbparam<><><><><><><>>{PAGE_NO=2, PAGE_SIZE=10, searchType=3, searchValue=문흥동}
dbparam<><><><><><><>>{PAGE_NO=1, PAGE_SIZE=10, searchType=3, searchValue=덕천동}
dbparam<><><><><><><>>{addInfo=덕천동, PAGE_NO=1, PAGE_SIZE=10, searchType=2, searchValue=신우빌라}
aplcPaymentStu{bankNum=120240455566, phone=051-338-2615, stuPart=경영학부, memo=재신청입니다. 죄송합니다!, busu=1, bankMoney=7500, bankName=이정수, bdMngNo=2632010400103180002012862, saup=691104, bankInfo=0190000, stuClass=3, stuProf=정현찬, aplcDt=20150306, zip1=616, addr1=덕천동 318-2, email=skql338@hanmail.net, zip2=818, addr2=신우빌라, addr3=부산광역시 북구 의성로67번길 30, stuSch=부경대학교, userName=문숙이, handy=010-4497-2205, fileNm=201503060901250351.jpg, stuCaller=201211154}
dbparam<><><><><><><>>{PAGE_NO=1, PAGE_SIZE=10, searchType=3, searchValue=문흥동}
dbparam<><><><><><><>>{PAGE_NO=2, PAGE_SIZE=10, searchType=3, searchValue=문흥동}
dbparam<><><><><><><>>{PAGE_NO=1, PAGE_SIZE=10, searchType=3, searchValue=역곡}
dbparam<><><><><><><>>{PAGE_NO=1, PAGE_SIZE=10, searchType=3, lotNo1=28, lotNo2=15, searchValue=하월곡동}
dbparam<><><><><><><>>{PAGE_NO=1, PAGE_SIZE=10, searchType=3, searchValue=문흥동}
dbparam<><><><><><><>>{PAGE_NO=2, PAGE_SIZE=10, searchType=3, searchValue=문흥동}
aplcPaymentStu{bankNum=77130201416687, phone=061-651-0945, stuPart=기계공학과, memo=, busu=1, bankMoney=7500, bankName=김창균, bdMngNo=2917011200107870008035815, saup=911012, bankInfo=0060000, stuClass=3, stuProf=, aplcDt=20150306, zip1=500, addr1=문흥동 787-1, email=, zip2=782, addr2=우산주공2차아파트108동503호, addr3=광주광역시 북구 면앙로31번길 10, stuSch=조선대학교, userName=김창균, handy=010-2955-0945, fileNm=201503060928420182.jpg, stuCaller=20102364}
dbparam<><><><><><><>>{PAGE_NO=1, PAGE_SIZE=10, searchType=1, searchValue=고덕로131}
dbparam<><><><><><><>>{PAGE_NO=1, PAGE_SIZE=10, searchType=1, searchValue=고덕로131}
dbparam<><><><><><><>>{PAGE_NO=1, PAGE_SIZE=10, searchType=2, searchValue=강동롯데캐슬퍼스트아파트}
dbparam<><><><><><><>>{PAGE_NO=1, PAGE_SIZE=10, bdNo1=232, searchType=1, searchValue=공릉로}
dbparam<><><><><><><>>{PAGE_NO=1, PAGE_SIZE=10, searchType=1, searchValue=사임당로}
dbparam<><><><><><><>>{PAGE_NO=1, PAGE_SIZE=10, bdNo1=32, searchType=1, searchValue=사임당로}
dbparam<><><><><><><>>{addInfo=마북동, PAGE_NO=1, PAGE_SIZE=10, searchType=2, searchValue=}
dbparam<><><><><><><>>{addInfo=마북동, PAGE_NO=1, PAGE_SIZE=10, searchType=2, searchValue=현대홈타운}
dbparam<><><><><><><>>{addInfo=마북동, PAGE_NO=1, PAGE_SIZE=10, searchType=2, searchValue=홈타운}
dbparam<><><><><><><>>{PAGE_NO=1, PAGE_SIZE=10, searchType=3, searchValue=마북동}
dbparam<><><><><><><>>{PAGE_NO=2, PAGE_SIZE=10, searchType=3, searchValue=마북동}
dbparam<><><><><><><>>{PAGE_NO=3, PAGE_SIZE=10, searchType=3, searchValue=마북동}
dbparam<><><><><><><>>{PAGE_NO=4, PAGE_SIZE=10, searchType=3, searchValue=마북동}
dbparam<><><><><><><>>{PAGE_NO=5, PAGE_SIZE=10, searchType=3, searchValue=마북동}
dbparam<><><><><><><>>{PAGE_NO=6, PAGE_SIZE=10, searchType=3, searchValue=마북동}
dbparam<><><><><><><>>{PAGE_NO=7, PAGE_SIZE=10, searchType=3, searchValue=마북동}
dbparam<><><><><><><>>{PAGE_NO=8, PAGE_SIZE=10, searchType=3, searchValue=마북동}
dbparam<><><><><><><>>{PAGE_NO=9, PAGE_SIZE=10, searchType=3, searchValue=마북동}
dbparam<><><><><><><>>{PAGE_NO=10, PAGE_SIZE=10, searchType=3, searchValue=마북동}
dbparam<><><><><><><>>{PAGE_NO=11, PAGE_SIZE=10, searchType=3, searchValue=마북동}
dbparam<><><><><><><>>{PAGE_NO=12, PAGE_SIZE=10, searchType=3, searchValue=마북동}
dbparam<><><><><><><>>{PAGE_NO=13, PAGE_SIZE=10, searchType=3, searchValue=마북동}
dbparam<><><><><><><>>{PAGE_NO=20, PAGE_SIZE=10, searchType=3, searchValue=마북동}
dbparam<><><><><><><>>{PAGE_NO=53, PAGE_SIZE=10, searchType=3, searchValue=마북동}
dbparam<><><><><><><>>{PAGE_NO=52, PAGE_SIZE=10, searchType=3, searchValue=마북동}
dbparam<><><><><><><>>{PAGE_NO=51, PAGE_SIZE=10, searchType=3, searchValue=마북동}
dbparam<><><><><><><>>{PAGE_NO=1, PAGE_SIZE=10, searchType=1, searchValue=완정로92}
dbparam<><><><><><><>>{PAGE_NO=1, PAGE_SIZE=10, searchType=1, searchValue=창4동}
dbparam<><><><><><><>>{PAGE_NO=1, PAGE_SIZE=10, searchType=3, searchValue=창4동}
dbparam<><><><><><><>>{PAGE_NO=1, PAGE_SIZE=10, searchType=1, searchValue=노해로69길}
dbparam<><><><><><><>>{PAGE_NO=1, PAGE_SIZE=10, searchType=1, searchValue=완정로92}
dbparam<><><><><><><>>{PAGE_NO=1, PAGE_SIZE=10, searchType=3, lotNo1=314, lotNo2=1, searchValue=안서동}
dbparam<><><><><><><>>{PAGE_NO=1, PAGE_SIZE=10, searchType=1, searchValue=완정로92}
dbparam<><><><><><><>>{PAGE_NO=1, PAGE_SIZE=10, searchType=1, searchValue=검단리}
dbparam<><><><><><><>>{PAGE_NO=2, PAGE_SIZE=10, searchType=1, searchValue=검단리}
dbparam<><><><><><><>>{PAGE_NO=3, PAGE_SIZE=10, searchType=1, searchValue=검단리}
dbparam<><><><><><><>>{PAGE_NO=1, PAGE_SIZE=10, searchType=1, searchValue=완정로92}
dbparam<><><><><><><>>{PAGE_NO=1, PAGE_SIZE=10, searchType=1, searchValue=대소원면}
dbparam<><><><><><><>>{PAGE_NO=1, PAGE_SIZE=10, searchType=3, searchValue=검단리}
dbparam<><><><><><><>>{PAGE_NO=1, PAGE_SIZE=10, searchType=2, searchValue=cj하우스}
dbparam<><><><><><><>>{PAGE_NO=1, PAGE_SIZE=10, searchType=1, searchValue=요도천변길}
dbparam<><><><><><><>>{PAGE_NO=2, PAGE_SIZE=10, searchType=1, searchValue=요도천변길}
dbparam<><><><><><><>>{PAGE_NO=3, PAGE_SIZE=10, searchType=1, searchValue=요도천변길}
dbparam<><><><><><><>>{PAGE_NO=4, PAGE_SIZE=10, searchType=1, searchValue=요도천변길}
dbparam<><><><><><><>>{PAGE_NO=5, PAGE_SIZE=10, searchType=1, searchValue=요도천변길}
dbparam<><><><><><><>>{PAGE_NO=1, PAGE_SIZE=10, searchType=1, searchValue=고촌}
dbparam<><><><><><><>>{PAGE_NO=1, PAGE_SIZE=10, searchType=1, searchValue=수기}
dbparam<><><><><><><>>{PAGE_NO=1, PAGE_SIZE=10, searchType=1, searchValue=오송로45}
dbparam<><><><><><><>>{PAGE_NO=1, PAGE_SIZE=10, bdNo1=45, searchType=1, searchValue=오송로}
dbparam<><><><><><><>>{PAGE_NO=1, PAGE_SIZE=10, searchType=3, lotNo1=314, lotNo2=1, searchValue=안서동}
dbparam<><><><><><><>>{PAGE_NO=1, PAGE_SIZE=10, bdNo1=45, searchType=1, searchValue=오송로}
dbparam<><><><><><><>>{PAGE_NO=1, PAGE_SIZE=10, searchType=1, searchValue=아동동}
dbparam<><><><><><><>>{PAGE_NO=1, PAGE_SIZE=10, searchType=2, searchValue=팜스프링}
dbparam<><><><><><><>>{PAGE_NO=1, PAGE_SIZE=10, searchType=1, searchValue=완정로92}
dbparam<><><><><><><>>{PAGE_NO=1, PAGE_SIZE=10, searchType=1, searchValue=요도천변길}
dbparam<><><><><><><>>{PAGE_NO=5, PAGE_SIZE=10, searchType=1, searchValue=요도천변길}
aplcPaymentStu{bankNum=110367719782, phone=032-471-5984, stuPart=에너지시스템공학과, memo=, busu=1, bankMoney=7500, bankName=조민철, bdMngNo=4313033029101160000000001, saup=930314, bankInfo=0260000, stuClass=2, stuProf=이인구, aplcDt=20150306, zip1=380, addr1=검단리 116, email=jmc3701@naver.com, zip2=871, addr2=CJ하우스 210호, addr3=충청북도 충주시 대소원면요도천변길 240, stuSch=한국교통대학교, userName=조민철, handy=010-9639-0313, fileNm=201503061023110503.jpg, stuCaller=1212029}
key = cdb8e889d2e93c5f31fccd1104fed41e9db9cbd1100e0f4e26789c826b809078ce8927f6baa13fac255bec3d7521efd0
dbparam<><><><><><><>>{PAGE_NO=1, PAGE_SIZE=10, bdNo1=45, searchType=1, searchValue=오송로}
chkYn = Y
aplcPaymentStu{bankNum=92425037664, phone=--, stuPart=금융경영학과, memo=중앙현관 문이 닫혔을 경우 꼭! 중앙현관 옆 우체통에 넣어주세요!, busu=1, bankMoney=7500, bankName=이승현, bdMngNo=4413111900103140001027595, saup=930317, bankInfo=0060000, stuClass=4, stuProf=김수은교수님, aplcDt=20150306, zip1=330, addr1=안서동 314-1, email=shlee2425@naver.com, zip2=997, addr2=대진타운 301호, addr3=충청남도 천안시 동남구 중암3길 3, stuSch=상명대학교(천안), userName=이승현, handy=010-2425-0376, fileNm=201503061024530902.jpg, stuCaller=201220428}
dbparam<><><><><><><>>{PAGE_NO=1, PAGE_SIZE=10, searchType=3, searchValue=제기}
dbparam<><><><><><><>>{PAGE_NO=2, PAGE_SIZE=10, searchType=3, searchValue=제기}
dbparam<><><><><><><>>{PAGE_NO=1, PAGE_SIZE=10, searchType=3, searchValue=제기동}
dbparam<><><><><><><>>{PAGE_NO=1, PAGE_SIZE=10, searchType=3, lotNo1=1148, lotNo2=16, searchValue=제기동}
dbparam<><><><><><><>>{PAGE_NO=1, PAGE_SIZE=10, searchType=1, searchValue=완정로92}
dbparam<><><><><><><>>{addInfo=상도1동, PAGE_NO=1, PAGE_SIZE=10, searchType=2, searchValue=}
dbparam<><><><><><><>>{PAGE_NO=1, PAGE_SIZE=10, searchType=3, searchValue=상도1동}
dbparam<><><><><><><>>{PAGE_NO=1, PAGE_SIZE=10, searchType=3, lotNo1=337, lotNo2=6, searchValue=상도1동}
dbparam<><><><><><><>>{PAGE_NO=1, PAGE_SIZE=10, searchType=3, searchValue=역곡}
dbparam<><><><><><><>>{PAGE_NO=1, PAGE_SIZE=10, searchType=3, searchValue=상도1동}
dbparam<><><><><><><>>{PAGE_NO=1, PAGE_SIZE=10, searchType=3, lotNo1=337, lotNo2=6, searchValue=상도1동}
aplcPaymentStu{bankNum=91066103983, phone=--, stuPart=경영학과, memo=, busu=1, bankMoney=7500, bankName=문동익, bdMngNo=1159010300103370006000001, saup=910322, bankInfo=0060000, stuClass=4, stuProf=, aplcDt=20150306, zip1=156, addr1=상도1동 337-6, email=mdi0322@naver.com, zip2=031, addr2=한마음1동 202호, addr3=서울특별시 동작구 상도로45길 27, stuSch=홍익대학교, userName=문동익, handy=010-6610-3983, fileNm=201503061039490365.jpg, stuCaller=10}
dbparam<><><><><><><>>{PAGE_NO=1, PAGE_SIZE=10, searchType=3, lotNo1=1148, lotNo2=16, searchValue=제기동}
aplcPaymentStu{bankNum=01250204285374, phone=02-0000-0000, stuPart=태국어과, memo=현관패스 #9999#입니다
신문에 402호 기재 부탁드려요!, busu=1, bankMoney=7500, bankName=정명화, bdMngNo=1123010300111480016032404, saup=910329, bankInfo=0040000, stuClass=4, stuProf=, aplcDt=20150306, zip1=130, addr1=제기동 1148-16, email=ming1241@naver.com, zip2=865, addr2=샤인빌 402호, addr3=서울특별시 동대문구 회기로2길 5, stuSch=한국외국어대학교, userName=정명화, handy=010-3246-1241, fileNm=201503061041410489.jpg, stuCaller=201103114}
aplcPaymentStu{bankNum=22040204198545, phone=031-774-9795, stuPart=경영학부, memo=이번에 가톨릭대학교 성심교정 경영학부 신입생 학부모입니다.
기숙사에서 저희 자녀가 보기를 원해서 신청하오니
조속한 처리 부탁드립니다. , busu=1, bankMoney=7500, bankName=정현섭, bdMngNo=4119510700200160001014257, saup=631028, bankInfo=0190000, stuClass=1, stuProf=, aplcDt=20150306, zip1=420, addr1=역곡동 16-1, email=ypsilver@hanmail.net, zip2=100, addr2=경기도 부천시 원미구 지봉로 43 가톨릭대학교 성심교정 국제학사 1011호, addr3=경기도 부천시 원미구 역곡로 119, stuSch=가톨릭대학교, userName=정희영, handy=010-6324-9751, fileNm=201503061044100956.jpg, stuCaller=201521370}
dbparam<><><><><><><>>{PAGE_NO=1, PAGE_SIZE=10, searchType=3, lotNo1=183, lotNo2=330, searchValue=휘경동}
dbparam<><><><><><><>>{PAGE_NO=1, PAGE_SIZE=10, bdNo1=56, searchType=1, searchValue=원인재로}
aplcPaymentStu{bankNum=45001372264, phone=--, stuPart=경영학과, memo=, busu=1, bankMoney=7500, bankName=윤명옥, bdMngNo=2818510500109280000014789, saup=601118, bankInfo=0270000, stuClass=3, stuProf=김대종, aplcDt=20150306, zip1=406, addr1=동춘동 928, email=sorjer1004@naver.com, zip2=130, addr2=현대1차아파트  111동 505호, addr3=인천광역시 연수구 원인재로 56, stuSch=세종대학교, userName=정백돈, handy=010-6477-1493, fileNm=201503061048200397.jpg, stuCaller=13012613}
aplcPaymentStu{bankNum=110276283906, phone=--, stuPart=경제학과, memo=3월2일~3월6일 까지 신문도 같이 보내주시면 안될까요 과제를 해야하거든요 아 그리고 밑에 현관문 비밀번호는 2775#이에요, busu=1, bankMoney=7500, bankName=이선병, bdMngNo=1123010900101830330009920, saup=900213, bankInfo=0260000, stuClass=4, stuProf=, aplcDt=20150306, zip1=130, addr1=휘경동 183-330, email=m1212x4@hanmail.net, zip2=876, addr2=303호, addr3=서울특별시 동대문구 이문로8길 23-4, stuSch=경희대학교, userName=이선병, handy=010-4846-9779, fileNm=201503061049370697.jpg, stuCaller=2009104240}
key = 243cd72c7541c92b342c6b5b5f1a9f83d87a234769370602869c5d5fd643d992db11466a7c0728e6740942519e2b298f
chkYn = Y
dbparam<><><><><><><>>{PAGE_NO=1, PAGE_SIZE=10, searchType=3, searchValue=역곡2동}
dbparam<><><><><><><>>{PAGE_NO=1, PAGE_SIZE=10, searchType=3, searchValue=역곡돈}
dbparam<><><><><><><>>{PAGE_NO=1, PAGE_SIZE=10, searchType=3, searchValue=역곡동}
dbparam<><><><><><><>>{PAGE_NO=2, PAGE_SIZE=10, searchType=3, searchValue=역곡동}
dbparam<><><><><><><>>{PAGE_NO=7, PAGE_SIZE=10, searchType=3, searchValue=역곡동}
dbparam<><><><><><><>>{PAGE_NO=5, PAGE_SIZE=10, searchType=3, searchValue=역곡동}
dbparam<><><><><><><>>{PAGE_NO=4, PAGE_SIZE=10, searchType=3, searchValue=역곡동}
dbparam<><><><><><><>>{PAGE_NO=3, PAGE_SIZE=10, searchType=3, searchValue=역곡동}
dbparam<><><><><><><>>{PAGE_NO=10, PAGE_SIZE=10, searchType=3, searchValue=역곡동}
dbparam<><><><><><><>>{PAGE_NO=1, PAGE_SIZE=10, searchType=1, searchValue=지봉로}
dbparam<><><><><><><>>{PAGE_NO=1, PAGE_SIZE=10, searchType=2, searchValue=가톨릭대학교}
key = 617e3f80e68c064fbb945c6918a5f075ef95e28505030d95988921ba2aad6f6ea94bce9cf377a9106fa773daa891605f
chkYn = Y
dbparam<><><><><><><>>{PAGE_NO=1, PAGE_SIZE=10, searchType=3, lotNo1=28, lotNo2=15, searchValue=하월곡동}
dbparam<><><><><><><>>{PAGE_NO=1, PAGE_SIZE=10, bdNo1=75, searchType=1, searchValue=큰우물로}
dbparam<><><><><><><>>{PAGE_NO=1, PAGE_SIZE=10, bdNo1=25, searchType=1, searchValue=여의대방로}
dbparam<><><><><><><>>{PAGE_NO=2, PAGE_SIZE=10, bdNo1=25, searchType=1, searchValue=여의대방로}
dbparam<><><><><><><>>{PAGE_NO=3, PAGE_SIZE=10, bdNo1=25, searchType=1, searchValue=여의대방로}
dbparam<><><><><><><>>{PAGE_NO=4, PAGE_SIZE=10, bdNo1=25, searchType=1, searchValue=여의대방로}
dbparam<><><><><><><>>{PAGE_NO=5, PAGE_SIZE=10, bdNo1=25, searchType=1, searchValue=여의대방로}
dbparam<><><><><><><>>{PAGE_NO=4, PAGE_SIZE=10, bdNo1=25, searchType=1, searchValue=여의대방로}
dbparam<><><><><><><>>{PAGE_NO=1, PAGE_SIZE=10, searchType=2, searchValue=브라운스톤}
dbparam<><><><><><><>>{addInfo=, PAGE_NO=1, PAGE_SIZE=10, searchType=2, searchValue=신공덕동브라운스톤}
dbparam<><><><><><><>>{addInfo=, PAGE_NO=1, PAGE_SIZE=10, searchType=2, searchValue=신공덕동 브라운스톤}
dbparam<><><><><><><>>{addInfo=, PAGE_NO=1, PAGE_SIZE=10, searchType=2, searchValue=신공덕동 }
dbparam<><><><><><><>>{PAGE_NO=1, PAGE_SIZE=10, searchType=1, searchValue=백범로}
dbparam<><><><><><><>>{PAGE_NO=1, PAGE_SIZE=10, searchType=2, searchValue=대우유토피아}
aplcPaymentStu{bankNum=75772593103860, phone=070-8276-4348, stuPart=경영학과, memo=의문사항 있을시 아래 휴대전화로 연락바랍니다.
전춘호 010-3674-4348, busu=1, bankMoney=7500, bankName=전춘호, bdMngNo=1129013600100280015000001, saup=680213, bankInfo=0060000, stuClass=1, stuProf=최항석, aplcDt=20150306, zip1=136, addr1=하월곡동 28-15, email=sucjch@hanmail.net, zip2=130, addr2=206호, addr3=서울특별시 성북구 화랑로9길 26, stuSch=동덕여자대학교, userName=전유정, handy=010-7179-4348, fileNm=201503061112250335.jpg, stuCaller=20150494}
dbparam<><><><><><><>>{PAGE_NO=1, PAGE_SIZE=10, searchType=1, searchValue=완정로92}
